<?xml version="1.0" encoding="UTF-8"?>
<testsuite name="com.example.exambyte.ExamByteTest" tests="14" skipped="0" failures="0" errors="0" timestamp="2024-11-09T07:34:07" hostname="KIAVASHS-AIR.local" time="0.577">
  <properties/>
  <testcase name="Die Startseite ist für get request Erreichbar" classname="com.example.exambyte.ExamByteTest" time="0.277"/>
  <testcase name="Die Startseite ist für get request zeigt home an" classname="com.example.exambyte.ExamByteTest" time="0.012"/>
  <testcase name="Beim Get Request auf / enthält Model userList" classname="com.example.exambyte.ExamByteTest" time="0.007"/>
  <testcase name="Die /test seite ist für get request erreichbar" classname="com.example.exambyte.ExamByteTest" time="0.012"/>
  <testcase name="Die /test seite ist für get request zeigt tests an" classname="com.example.exambyte.ExamByteTest" time="0.003"/>
  <testcase name="beim get request auf /tests enthäht model testList" classname="com.example.exambyte.ExamByteTest" time="0.004"/>
  <testcase name="Route redirect:/ ist für post Requests erreichbar" classname="com.example.exambyte.ExamByteTest" time="0.012"/>
  <testcase name="Ohne Übergabe-Parameter wird :/ View angezeigt" classname="com.example.exambyte.ExamByteTest" time="0.004"/>
  <testcase name="mit Übergabe-Parameter wird :/ View angezeigt" classname="com.example.exambyte.ExamByteTest" time="0.005"/>
  <testcase name="mit Übergabe-Parameter wird es ins model hinzugefügt" classname="com.example.exambyte.ExamByteTest" time="0.154"/>
  <testcase name="Die /aufgabe ist für get request erreichbar" classname="com.example.exambyte.ExamByteTest" time="0.012"/>
  <testcase name="Die /aufgabe ist für get request zeigt aufgaben an" classname="com.example.exambyte.ExamByteTest" time="0.003"/>
  <testcase name="Die /aufgabe ist für get request zeigt aufgaben an" classname="com.example.exambyte.ExamByteTest" time="0.003"/>
  <testcase name="Die Startseite ist unter / erreichbar" classname="com.example.exambyte.ExamByteTest" time="0.047"/>
  <system-out><![CDATA[08:34:05.569 [Test worker] INFO org.springframework.test.context.support.AnnotationConfigContextLoaderUtils -- Could not detect default configuration classes for test class [com.example.exambyte.ExamByteTest]: ExamByteTest does not declare any static, non-private, non-final, nested classes annotated with @Configuration.
08:34:05.644 [Test worker] INFO org.springframework.boot.test.context.SpringBootTestContextBootstrapper -- Found @SpringBootConfiguration com.example.exambyte.ExambyteApplication for test class com.example.exambyte.ExamByteTest
2024-11-09T08:34:05.837+01:00  INFO 79105 --- [Exambyte] [    Test worker] com.example.exambyte.ExamByteTest        : Starting ExamByteTest using Java 21.0.1 with PID 79105 (started by kiavashemami in /Users/kiavashemami/Library/Mobile Documents/com~apple~CloudDocs/Uni/Propra2/2024/Exambyte)
2024-11-09T08:34:05.839+01:00  INFO 79105 --- [Exambyte] [    Test worker] com.example.exambyte.ExamByteTest        : No active profile set, falling back to 1 default profile: "default"
2024-11-09T08:34:07.035+01:00  INFO 79105 --- [Exambyte] [    Test worker] o.s.b.t.m.w.SpringBootMockServletContext : Initializing Spring TestDispatcherServlet ''
2024-11-09T08:34:07.035+01:00  INFO 79105 --- [Exambyte] [    Test worker] o.s.t.web.servlet.TestDispatcherServlet  : Initializing Servlet ''
2024-11-09T08:34:07.037+01:00  INFO 79105 --- [Exambyte] [    Test worker] o.s.t.web.servlet.TestDispatcherServlet  : Completed initialization in 1 ms
2024-11-09T08:34:07.062+01:00  INFO 79105 --- [Exambyte] [    Test worker] com.example.exambyte.ExamByteTest        : Started ExamByteTest in 1.366 seconds (process running for 2.221)
get Tests done
get Tests done
get Tests done
<!DOCTYPE html>
<html lang="de">
<head>
    <meta charset="UTF-8">
    <meta name="viewport" content="width=device-width, initial-scale=1.0">
    <title>Peer-Review System</title>
    <link rel="stylesheet" href="https://cdn.jsdelivr.net/npm/bootstrap@5.1.3/dist/css/bootstrap.min.css">
    <link rel="stylesheet" href="css/styles.css">
</head>
<body>
<nav class="navbar navbar-expand-lg navbar-light bg-light">
    <div class="container-fluid">
        <a class="navbar-brand" href="/">ExamByte-System</a>
        <button class="navbar-toggler" type="button" data-bs-toggle="collapse" data-bs-target="#navbarNav"
                aria-controls="navbarNav" aria-expanded="false" aria-label="Toggle navigation">
            <span class="navbar-toggler-icon"></span>
        </button>
        <div class="collapse navbar-collapse" id="navbarNav">
            <ul class="navbar-nav">
                <li class="nav-item">
                    <a class="nav-link active" aria-current="page" href="#">Home</a>
                </li>
                <li class="nav-item">
                    <a class="nav-link" href="/tests">Tests</a>
                </li>
                <li class="nav-item">
                    <a class="nav-link" href="#">Test-Review</a>
                </li>
                <li class="nav-item">
                    <a class="nav-link" href="addTest">Add Tests</a>
                </li>
            </ul>
        </div>
    </div>
</nav>

<div class="container mt-5">
    <h1>Willkommen zum ExamByte-System</h1>
    <p>Bitte melden Sie sich an</p>

    <!-- Anmeldung -->    <!-- Anmeldung -->    <!-- Anmeldung -->
    <form method="post">
        <div class="form-group">
            <label for="role">Sind Sie ...</label>
            <select class="form-control" id="role" name="role">
                <option>Student</option>
                <option>Korrektor</option>
                <option>Organisator</option>
            </select>
        </div>
      <br>
        <div class="mb-3">
            <label for="emailAdresse" class="form-label">Email-Adresse</label>
            <input type="email" name="emailAdresse" class="form-control" required="required" id="emailAdresse"
                   aria-describedby="emailHelp">
            <div id="emailHelp" class="form-text">Wir werden Ihre Email niemals weitergeben.</div>
        </div>

        <div class="mb-3">
            <label for="exampleInputPassword1" class="form-label">Passwort</label>
            <input type="password" name="pass" class="form-control" id="exampleInputPassword1">
        </div>
        <button type="submit" value="anmelden" name="action" class="btn btn-primary">Anmelden</button>
        <button type="submit" value="register" name="action" class="btn btn-primary">Register</button>
    </form>
    <br>
    <br>
    <div>
        <ul>
            <li>[]</li>
        </ul>
    </div>
</div>

<script src="https://cdn.jsdelivr.net/npm/bootstrap@5.1.3/dist/js/bootstrap.bundle.min.js"></script>
<script src="js/script.js"></script>
</body>
</html>

]]></system-out>
  <system-err><![CDATA[WARNING: A Java agent has been loaded dynamically (/Users/kiavashemami/.gradle/caches/modules-2/files-2.1/net.bytebuddy/byte-buddy-agent/1.14.19/154da3a65b4f4a909d3e5bdec55d1b2b4cbb6ce1/byte-buddy-agent-1.14.19.jar)
WARNING: If a serviceability tool is in use, please run with -XX:+EnableDynamicAgentLoading to hide this warning
WARNING: If a serviceability tool is not in use, please run with -Djdk.instrument.traceUsage for more information
WARNING: Dynamic loading of agents will be disallowed by default in a future release
]]></system-err>
</testsuite>
